2026-07-04 22:52:37 | INFO     | __main__ | Application started.
2026-07-04 22:52:37 | INFO     | __main__ | Logger initialized successfully.
2026-07-04 22:52:37 | WARNING  | __main__ | This is a sample warning.
2026-07-04 22:52:37 | ERROR    | __main__ | This is a sample error.
2026-07-04 23:30:57 | INFO     | retail_platform.cloud.storage.storage_initializer | Bucket verified: gcp-alshaya-medallion-data
2026-07-04 23:30:57 | INFO     | retail_platform.cloud.storage.storage_initializer | Created prefix: raw/
2026-07-04 23:30:58 | INFO     | retail_platform.cloud.storage.storage_initializer | Created prefix: bronze/
2026-07-04 23:30:58 | INFO     | retail_platform.cloud.storage.storage_initializer | Created prefix: silver/
2026-07-04 23:30:58 | INFO     | retail_platform.cloud.storage.storage_initializer | Created prefix: gold/
2026-07-04 23:30:58 | INFO     | retail_platform.cloud.storage.storage_initializer | Created prefix: archive/
2026-07-04 23:30:59 | INFO     | retail_platform.cloud.storage.storage_initializer | Created prefix: logs/
2026-07-04 23:49:30 | INFO     | retail_platform.cloud.storage.gcs_uploader | Uploading 'README.md' to 'gs://gcp-alshaya-medallion-data/logs/readme_test_upload.md'
2026-07-04 23:49:34 | INFO     | retail_platform.cloud.storage.gcs_uploader | Upload completed for 'README.md'
2026-07-05 06:47:19 | INFO     | retail_platform.cloud.storage.gcs_uploader | Uploading 'README.md' to 'gs://gcp-alshaya-medallion-data/logs/readme_test_upload.md'
2026-07-05 06:56:09 | INFO     | __main__ | Starting Raw Data Upload
2026-07-05 06:56:09 | INFO     | __main__ | --------------------------------
2026-07-05 06:56:09 | INFO     | __main__ | Dataset : category_translation
2026-07-05 06:56:09 | INFO     | retail_platform.cloud.storage.gcs_uploader | Uploading 'product_category_name_translation.csv' to 'gs://gcp-alshaya-medallion-data/raw/olist/category_translation/category_translation.csv'
2026-07-05 06:56:14 | INFO     | retail_platform.cloud.storage.gcs_uploader | Successfully uploaded 'product_category_name_translation.csv'
2026-07-05 06:56:14 | INFO     | __main__ | --------------------------------
2026-07-05 06:56:14 | INFO     | __main__ | Dataset : customers
2026-07-05 06:56:14 | INFO     | retail_platform.cloud.storage.gcs_uploader | Uploading 'olist_customers_dataset.csv' to 'gs://gcp-alshaya-medallion-data/raw/olist/customers/customers.csv'
2026-07-05 06:56:41 | INFO     | retail_platform.cloud.storage.gcs_uploader | Successfully uploaded 'olist_customers_dataset.csv'
2026-07-05 06:56:41 | INFO     | __main__ | --------------------------------
2026-07-05 06:56:41 | INFO     | __main__ | Dataset : geolocation
2026-07-05 06:56:41 | INFO     | retail_platform.cloud.storage.gcs_uploader | Uploading 'olist_geolocation_dataset.csv' to 'gs://gcp-alshaya-medallion-data/raw/olist/geolocation/geolocation.csv'
2026-07-05 06:57:41 | ERROR    | __main__ | ('Connection aborted.', TimeoutError('The write operation timed out'))
2026-07-05 06:57:41 | INFO     | __main__ | --------------------------------
2026-07-05 06:57:41 | INFO     | __main__ | Dataset : order_items
2026-07-05 06:57:41 | INFO     | retail_platform.cloud.storage.gcs_uploader | Uploading 'olist_order_items_dataset.csv' to 'gs://gcp-alshaya-medallion-data/raw/olist/order_items/order_items.csv'
2026-07-05 06:58:47 | ERROR    | __main__ | HTTPSConnectionPool(host='storage.googleapis.com', port=443): Read timed out. (read timeout=60)
2026-07-05 06:58:47 | INFO     | __main__ | --------------------------------
2026-07-05 06:58:47 | INFO     | __main__ | Dataset : order_payments
2026-07-05 06:58:47 | INFO     | retail_platform.cloud.storage.gcs_uploader | Uploading 'olist_order_payments_dataset.csv' to 'gs://gcp-alshaya-medallion-data/raw/olist/order_payments/order_payments.csv'
2026-07-05 06:59:09 | ERROR    | __main__ | ('Connection aborted.', ConnectionResetError(10054, 'An existing connection was forcibly closed by the remote host', None, 10054, None))
2026-07-05 06:59:09 | INFO     | __main__ | --------------------------------
2026-07-05 06:59:09 | INFO     | __main__ | Dataset : order_reviews
2026-07-05 06:59:09 | INFO     | retail_platform.cloud.storage.gcs_uploader | Uploading 'olist_order_reviews_dataset.csv' to 'gs://gcp-alshaya-medallion-data/raw/olist/order_reviews/order_reviews.csv'
2026-07-05 06:59:29 | ERROR    | __main__ | ('Connection aborted.', ConnectionResetError(10054, 'An existing connection was forcibly closed by the remote host', None, 10054, None))
2026-07-05 06:59:29 | INFO     | __main__ | --------------------------------
2026-07-05 06:59:29 | INFO     | __main__ | Dataset : orders
2026-07-05 06:59:29 | INFO     | retail_platform.cloud.storage.gcs_uploader | Uploading 'olist_orders_dataset.csv' to 'gs://gcp-alshaya-medallion-data/raw/olist/orders/orders.csv'
2026-07-05 06:59:52 | ERROR    | __main__ | ('Connection aborted.', ConnectionResetError(10054, 'An existing connection was forcibly closed by the remote host', None, 10054, None))
2026-07-05 06:59:52 | INFO     | __main__ | --------------------------------
2026-07-05 06:59:52 | INFO     | __main__ | Dataset : products
2026-07-05 06:59:52 | INFO     | retail_platform.cloud.storage.gcs_uploader | Uploading 'olist_products_dataset.csv' to 'gs://gcp-alshaya-medallion-data/raw/olist/products/products.csv'
2026-07-05 07:00:53 | ERROR    | __main__ | HTTPSConnectionPool(host='storage.googleapis.com', port=443): Read timed out. (read timeout=60)
2026-07-05 07:00:53 | INFO     | __main__ | --------------------------------
2026-07-05 07:00:53 | INFO     | __main__ | Dataset : sellers
2026-07-05 07:00:53 | INFO     | retail_platform.cloud.storage.gcs_uploader | Uploading 'olist_sellers_dataset.csv' to 'gs://gcp-alshaya-medallion-data/raw/olist/sellers/sellers.csv'
2026-07-05 07:01:14 | ERROR    | __main__ | ('Connection aborted.', ConnectionResetError(10054, 'An existing connection was forcibly closed by the remote host', None, 10054, None))
2026-07-05 07:01:14 | INFO     | __main__ | --------------------------------
2026-07-05 07:01:14 | INFO     | __main__ | Upload Summary
2026-07-05 07:01:14 | INFO     | __main__ | Uploaded : 2
2026-07-05 07:01:14 | INFO     | __main__ | Failed   : 7
2026-07-05 07:01:14 | INFO     | __main__ | --------------------------------
2026-07-05 07:02:33 | INFO     | __main__ | Starting Raw Data Upload
2026-07-05 07:02:33 | INFO     | __main__ | --------------------------------
2026-07-05 07:02:33 | INFO     | __main__ | Dataset : category_translation
2026-07-05 07:02:33 | INFO     | retail_platform.cloud.storage.gcs_uploader | Uploading 'product_category_name_translation.csv' to 'gs://gcp-alshaya-medallion-data/raw/olist/category_translation/category_translation.csv'
2026-07-05 07:02:44 | INFO     | retail_platform.cloud.storage.gcs_uploader | Successfully uploaded 'product_category_name_translation.csv'
2026-07-05 07:02:44 | INFO     | __main__ | --------------------------------
2026-07-05 07:02:44 | INFO     | __main__ | Dataset : customers
2026-07-05 07:02:44 | INFO     | retail_platform.cloud.storage.gcs_uploader | Uploading 'olist_customers_dataset.csv' to 'gs://gcp-alshaya-medallion-data/raw/olist/customers/customers.csv'
2026-07-05 07:03:00 | INFO     | retail_platform.cloud.storage.gcs_uploader | Successfully uploaded 'olist_customers_dataset.csv'
2026-07-05 07:03:00 | INFO     | __main__ | --------------------------------
2026-07-05 07:03:00 | INFO     | __main__ | Dataset : geolocation
2026-07-05 07:03:00 | INFO     | retail_platform.cloud.storage.gcs_uploader | Uploading 'olist_geolocation_dataset.csv' to 'gs://gcp-alshaya-medallion-data/raw/olist/geolocation/geolocation.csv'
2026-07-05 07:04:00 | ERROR    | __main__ | ('Connection aborted.', TimeoutError('The write operation timed out'))
2026-07-05 07:04:00 | INFO     | __main__ | --------------------------------
2026-07-05 07:04:00 | INFO     | __main__ | Dataset : order_items
2026-07-05 07:04:00 | INFO     | retail_platform.cloud.storage.gcs_uploader | Uploading 'olist_order_items_dataset.csv' to 'gs://gcp-alshaya-medallion-data/raw/olist/order_items/order_items.csv'
2026-07-05 07:04:27 | INFO     | retail_platform.cloud.storage.gcs_uploader | Successfully uploaded 'olist_order_items_dataset.csv'
2026-07-05 07:04:27 | INFO     | __main__ | --------------------------------
2026-07-05 07:04:27 | INFO     | __main__ | Dataset : order_payments
2026-07-05 07:04:27 | INFO     | retail_platform.cloud.storage.gcs_uploader | Uploading 'olist_order_payments_dataset.csv' to 'gs://gcp-alshaya-medallion-data/raw/olist/order_payments/order_payments.csv'
2026-07-05 07:04:37 | INFO     | retail_platform.cloud.storage.gcs_uploader | Successfully uploaded 'olist_order_payments_dataset.csv'
2026-07-05 07:04:37 | INFO     | __main__ | --------------------------------
2026-07-05 07:04:37 | INFO     | __main__ | Dataset : order_reviews
2026-07-05 07:04:37 | INFO     | retail_platform.cloud.storage.gcs_uploader | Uploading 'olist_order_reviews_dataset.csv' to 'gs://gcp-alshaya-medallion-data/raw/olist/order_reviews/order_reviews.csv'
2026-07-05 07:04:52 | INFO     | retail_platform.cloud.storage.gcs_uploader | Successfully uploaded 'olist_order_reviews_dataset.csv'
2026-07-05 07:04:52 | INFO     | __main__ | --------------------------------
2026-07-05 07:04:52 | INFO     | __main__ | Dataset : orders
2026-07-05 07:04:52 | INFO     | retail_platform.cloud.storage.gcs_uploader | Uploading 'olist_orders_dataset.csv' to 'gs://gcp-alshaya-medallion-data/raw/olist/orders/orders.csv'
2026-07-05 07:05:17 | INFO     | retail_platform.cloud.storage.gcs_uploader | Successfully uploaded 'olist_orders_dataset.csv'
2026-07-05 07:05:17 | INFO     | __main__ | --------------------------------
2026-07-05 07:05:17 | INFO     | __main__ | Dataset : products
2026-07-05 07:05:17 | INFO     | retail_platform.cloud.storage.gcs_uploader | Uploading 'olist_products_dataset.csv' to 'gs://gcp-alshaya-medallion-data/raw/olist/products/products.csv'
2026-07-05 07:05:19 | INFO     | retail_platform.cloud.storage.gcs_uploader | Successfully uploaded 'olist_products_dataset.csv'
2026-07-05 07:05:19 | INFO     | __main__ | --------------------------------
2026-07-05 07:05:19 | INFO     | __main__ | Dataset : sellers
2026-07-05 07:05:19 | INFO     | retail_platform.cloud.storage.gcs_uploader | Uploading 'olist_sellers_dataset.csv' to 'gs://gcp-alshaya-medallion-data/raw/olist/sellers/sellers.csv'
2026-07-05 07:05:20 | INFO     | retail_platform.cloud.storage.gcs_uploader | Successfully uploaded 'olist_sellers_dataset.csv'
2026-07-05 07:05:20 | INFO     | __main__ | --------------------------------
2026-07-05 07:05:20 | INFO     | __main__ | Upload Summary
2026-07-05 07:05:20 | INFO     | __main__ | Uploaded : 8
2026-07-05 07:05:20 | INFO     | __main__ | Failed   : 1
2026-07-05 07:05:20 | INFO     | __main__ | --------------------------------
2026-07-05 07:07:05 | INFO     | __main__ | Starting Raw Data Upload
2026-07-05 07:07:05 | INFO     | __main__ | --------------------------------
2026-07-05 07:07:05 | INFO     | __main__ | Dataset : category_translation
2026-07-05 07:07:05 | INFO     | retail_platform.cloud.storage.gcs_uploader | Uploading 'product_category_name_translation.csv' to 'gs://gcp-alshaya-medallion-data/raw/olist/category_translation/category_translation.csv'
2026-07-05 07:07:16 | INFO     | retail_platform.cloud.storage.gcs_uploader | Successfully uploaded 'product_category_name_translation.csv'
2026-07-05 07:07:16 | INFO     | __main__ | --------------------------------
2026-07-05 07:07:16 | INFO     | __main__ | Dataset : customers
2026-07-05 07:07:16 | INFO     | retail_platform.cloud.storage.gcs_uploader | Uploading 'olist_customers_dataset.csv' to 'gs://gcp-alshaya-medallion-data/raw/olist/customers/customers.csv'
2026-07-05 07:07:28 | INFO     | retail_platform.cloud.storage.gcs_uploader | Successfully uploaded 'olist_customers_dataset.csv'
2026-07-05 07:07:28 | INFO     | __main__ | --------------------------------
2026-07-05 07:07:28 | INFO     | __main__ | Dataset : geolocation
2026-07-05 07:07:28 | INFO     | retail_platform.cloud.storage.gcs_uploader | Uploading 'olist_geolocation_dataset.csv' to 'gs://gcp-alshaya-medallion-data/raw/olist/geolocation/geolocation.csv'
2026-07-05 07:08:29 | ERROR    | __main__ | ('Connection aborted.', TimeoutError('The write operation timed out'))
2026-07-05 07:08:29 | INFO     | __main__ | --------------------------------
2026-07-05 07:08:29 | INFO     | __main__ | Dataset : order_items
2026-07-05 07:08:29 | INFO     | retail_platform.cloud.storage.gcs_uploader | Uploading 'olist_order_items_dataset.csv' to 'gs://gcp-alshaya-medallion-data/raw/olist/order_items/order_items.csv'
2026-07-05 07:09:25 | INFO     | retail_platform.cloud.storage.gcs_uploader | Successfully uploaded 'olist_order_items_dataset.csv'
2026-07-05 07:09:25 | INFO     | __main__ | --------------------------------
2026-07-05 07:09:25 | INFO     | __main__ | Dataset : order_payments
2026-07-05 07:09:25 | INFO     | retail_platform.cloud.storage.gcs_uploader | Uploading 'olist_order_payments_dataset.csv' to 'gs://gcp-alshaya-medallion-data/raw/olist/order_payments/order_payments.csv'
2026-07-05 07:09:37 | INFO     | retail_platform.cloud.storage.gcs_uploader | Successfully uploaded 'olist_order_payments_dataset.csv'
2026-07-05 07:09:37 | INFO     | __main__ | --------------------------------
2026-07-05 07:09:37 | INFO     | __main__ | Dataset : order_reviews
2026-07-05 07:09:37 | INFO     | retail_platform.cloud.storage.gcs_uploader | Uploading 'olist_order_reviews_dataset.csv' to 'gs://gcp-alshaya-medallion-data/raw/olist/order_reviews/order_reviews.csv'
2026-07-05 07:09:58 | INFO     | retail_platform.cloud.storage.gcs_uploader | Successfully uploaded 'olist_order_reviews_dataset.csv'
2026-07-05 07:09:58 | INFO     | __main__ | --------------------------------
2026-07-05 07:09:58 | INFO     | __main__ | Dataset : orders
2026-07-05 07:09:58 | INFO     | retail_platform.cloud.storage.gcs_uploader | Uploading 'olist_orders_dataset.csv' to 'gs://gcp-alshaya-medallion-data/raw/olist/orders/orders.csv'
2026-07-05 07:10:32 | INFO     | retail_platform.cloud.storage.gcs_uploader | Successfully uploaded 'olist_orders_dataset.csv'
2026-07-05 07:10:32 | INFO     | __main__ | --------------------------------
2026-07-05 07:10:32 | INFO     | __main__ | Dataset : products
2026-07-05 07:10:32 | INFO     | retail_platform.cloud.storage.gcs_uploader | Uploading 'olist_products_dataset.csv' to 'gs://gcp-alshaya-medallion-data/raw/olist/products/products.csv'
2026-07-05 07:10:36 | INFO     | retail_platform.cloud.storage.gcs_uploader | Successfully uploaded 'olist_products_dataset.csv'
2026-07-05 07:10:36 | INFO     | __main__ | --------------------------------
2026-07-05 07:10:36 | INFO     | __main__ | Dataset : sellers
2026-07-05 07:10:36 | INFO     | retail_platform.cloud.storage.gcs_uploader | Uploading 'olist_sellers_dataset.csv' to 'gs://gcp-alshaya-medallion-data/raw/olist/sellers/sellers.csv'
2026-07-05 07:10:37 | INFO     | retail_platform.cloud.storage.gcs_uploader | Successfully uploaded 'olist_sellers_dataset.csv'
2026-07-05 07:10:37 | INFO     | __main__ | --------------------------------
2026-07-05 07:10:37 | INFO     | __main__ | Upload Summary
2026-07-05 07:10:37 | INFO     | __main__ | Uploaded : 8
2026-07-05 07:10:37 | INFO     | __main__ | Failed   : 1
2026-07-05 07:10:37 | INFO     | __main__ | --------------------------------
2026-07-05 07:30:23 | INFO     | __main__ | Starting Raw Data Upload
2026-07-05 07:30:23 | INFO     | __main__ | --------------------------------
2026-07-05 07:30:23 | INFO     | __main__ | Dataset : category_translation
2026-07-05 07:30:23 | INFO     | retail_platform.cloud.storage.gcs_uploader | Uploading 'product_category_name_translation.csv' (0.00 MB)
2026-07-05 07:30:23 | INFO     | retail_platform.cloud.storage.gcs_uploader | Destination : gs://gcp-alshaya-medallion-data/raw/olist/category_translation/category_translation.csv
2026-07-05 07:30:29 | INFO     | retail_platform.cloud.storage.gcs_uploader | Upload completed in 6.40 seconds
2026-07-05 07:30:29 | INFO     | __main__ | --------------------------------
2026-07-05 07:30:29 | INFO     | __main__ | Dataset : customers
2026-07-05 07:30:29 | INFO     | retail_platform.cloud.storage.gcs_uploader | Uploading 'olist_customers_dataset.csv' (8.62 MB)
2026-07-05 07:30:29 | INFO     | retail_platform.cloud.storage.gcs_uploader | Destination : gs://gcp-alshaya-medallion-data/raw/olist/customers/customers.csv
2026-07-05 07:30:58 | INFO     | retail_platform.cloud.storage.gcs_uploader | Upload completed in 29.10 seconds
2026-07-05 07:30:58 | INFO     | __main__ | --------------------------------
2026-07-05 07:30:58 | INFO     | __main__ | Dataset : geolocation
2026-07-05 07:30:58 | INFO     | retail_platform.cloud.storage.gcs_uploader | Uploading 'olist_geolocation_dataset.csv' (58.44 MB)
2026-07-05 07:30:58 | INFO     | retail_platform.cloud.storage.gcs_uploader | Destination : gs://gcp-alshaya-medallion-data/raw/olist/geolocation/geolocation.csv
2026-07-05 07:31:59 | WARNING  | retail_platform.cloud.storage.gcs_uploader | Attempt 1/3 failed : ('Connection aborted.', TimeoutError('The write operation timed out'))
2026-07-05 07:31:59 | INFO     | retail_platform.cloud.storage.gcs_uploader | Retrying in 5 seconds...
2026-07-05 07:33:05 | INFO     | retail_platform.cloud.storage.gcs_uploader | Upload completed in 61.55 seconds
2026-07-05 07:33:05 | INFO     | __main__ | --------------------------------
2026-07-05 07:33:05 | INFO     | __main__ | Dataset : order_items
2026-07-05 07:33:05 | INFO     | retail_platform.cloud.storage.gcs_uploader | Uploading 'olist_order_items_dataset.csv' (14.72 MB)
2026-07-05 07:33:05 | INFO     | retail_platform.cloud.storage.gcs_uploader | Destination : gs://gcp-alshaya-medallion-data/raw/olist/order_items/order_items.csv
2026-07-05 07:33:27 | INFO     | retail_platform.cloud.storage.gcs_uploader | Upload completed in 21.49 seconds
2026-07-05 07:33:27 | INFO     | __main__ | --------------------------------
2026-07-05 07:33:27 | INFO     | __main__ | Dataset : order_payments
2026-07-05 07:33:27 | INFO     | retail_platform.cloud.storage.gcs_uploader | Uploading 'olist_order_payments_dataset.csv' (5.51 MB)
2026-07-05 07:33:27 | INFO     | retail_platform.cloud.storage.gcs_uploader | Destination : gs://gcp-alshaya-medallion-data/raw/olist/order_payments/order_payments.csv
2026-07-05 07:33:34 | INFO     | retail_platform.cloud.storage.gcs_uploader | Upload completed in 7.61 seconds
2026-07-05 07:33:34 | INFO     | __main__ | --------------------------------
2026-07-05 07:33:34 | INFO     | __main__ | Dataset : order_reviews
2026-07-05 07:33:34 | INFO     | retail_platform.cloud.storage.gcs_uploader | Uploading 'olist_order_reviews_dataset.csv' (13.78 MB)
2026-07-05 07:33:34 | INFO     | retail_platform.cloud.storage.gcs_uploader | Destination : gs://gcp-alshaya-medallion-data/raw/olist/order_reviews/order_reviews.csv
2026-07-05 07:33:45 | INFO     | retail_platform.cloud.storage.gcs_uploader | Upload completed in 10.80 seconds
2026-07-05 07:33:45 | INFO     | __main__ | --------------------------------
2026-07-05 07:33:45 | INFO     | __main__ | Dataset : orders
2026-07-05 07:33:45 | INFO     | retail_platform.cloud.storage.gcs_uploader | Uploading 'olist_orders_dataset.csv' (16.84 MB)
2026-07-05 07:33:45 | INFO     | retail_platform.cloud.storage.gcs_uploader | Destination : gs://gcp-alshaya-medallion-data/raw/olist/orders/orders.csv
2026-07-05 07:34:02 | INFO     | retail_platform.cloud.storage.gcs_uploader | Upload completed in 16.38 seconds
2026-07-05 07:34:02 | INFO     | __main__ | --------------------------------
2026-07-05 07:34:02 | INFO     | __main__ | Dataset : products
2026-07-05 07:34:02 | INFO     | retail_platform.cloud.storage.gcs_uploader | Uploading 'olist_products_dataset.csv' (2.27 MB)
2026-07-05 07:34:02 | INFO     | retail_platform.cloud.storage.gcs_uploader | Destination : gs://gcp-alshaya-medallion-data/raw/olist/products/products.csv
2026-07-05 07:34:06 | INFO     | retail_platform.cloud.storage.gcs_uploader | Upload completed in 4.20 seconds
2026-07-05 07:34:06 | INFO     | __main__ | --------------------------------
2026-07-05 07:34:06 | INFO     | __main__ | Dataset : sellers
2026-07-05 07:34:06 | INFO     | retail_platform.cloud.storage.gcs_uploader | Uploading 'olist_sellers_dataset.csv' (0.17 MB)
2026-07-05 07:34:06 | INFO     | retail_platform.cloud.storage.gcs_uploader | Destination : gs://gcp-alshaya-medallion-data/raw/olist/sellers/sellers.csv
2026-07-05 07:34:06 | INFO     | retail_platform.cloud.storage.gcs_uploader | Upload completed in 0.54 seconds
2026-07-05 07:34:06 | INFO     | __main__ | --------------------------------
2026-07-05 07:34:06 | INFO     | __main__ | Upload Summary
2026-07-05 07:34:06 | INFO     | __main__ | Uploaded : 9
2026-07-05 07:34:06 | INFO     | __main__ | Failed   : 0
2026-07-05 07:34:06 | INFO     | __main__ | --------------------------------
